<?xml version="1.0" encoding="UTF-8"?>
<!-- Generated by org.testng.reporters.JUnitReportReporter -->
<testsuite skipped="0" hostname="Snoopy" name="test.example.DynamicDataLoadingTest" tests="1" failures="0" timestamp="2021-07-17T21:33:47 ICT" time="7.433" errors="0">
  <testcase name="TC_O1" time="7.433" classname="test.example.DynamicDataLoadingTest"/>
  <system-out/>
</testsuite> <!-- test.example.DynamicDataLoadingTest -->
